<?xml version="1.0" encoding="UTF-8"?>
<testsuite xmlns:xsi="http://www.w3.org/2001/XMLSchema-instance" xsi:noNamespaceSchemaLocation="https://maven.apache.org/surefire/maven-surefire-plugin/xsd/surefire-test-report-3.0.xsd" version="3.0" name="com.certidigital.platform.CertiDigitalApplicationTests" time="13.2" tests="1" errors="0" skipped="0" failures="0">
  <properties>
[...]
</properties>
  <testcase name="contextLoads" classname="com.certidigital.platform.CertiDigitalApplicationTests" time="0.518">
    <system-out><![CDATA[16:06:35.218 [main] INFO org.springframework.test.context.support.AnnotationConfigContextLoaderUtils -- Could not detect default configuration classes for test class [com.certidigital.platform.CertiDigitalApplicationTests]: CertiDigitalApplicationTests does not declare any static, non-private, non-final, nested classes annotated with @Configuration.
16:06:35.375 [main] INFO org.springframework.boot.test.context.SpringBootTestContextBootstrapper -- Found @SpringBootConfiguration com.certidigital.platform.CertiDigitalApplication for test class com.certidigital.platform.CertiDigitalApplicationTests

  .   ____          _            __ _ _
 /\\ / ___'_ __ _ _(_)_ __  __ _ \ \ \ \
( ( )\___ | '_ | '_| | '_ \/ _` | \ \ \ \
 \\/  ___)| |_)| | | | | || (_| |  ) ) ) )
  '  |____| .__|_| |_|_| |_\__, | / / / /
 =========|_|==============|___/=/_/_/_/

 :: Spring Boot ::                (v3.3.2)

2026-07-21T16:06:35.829-05:00  INFO 9512 --- [certidigital-platform] [           main] c.c.p.CertiDigitalApplicationTests       : Starting CertiDigitalApplicationTests using Java 26.0.1 with PID 9512 (started by jean.carlos.simon_bl in C:\Users\jean.carlos.simon_bl\Documents\Certidigital\Certidigital)
2026-07-21T16:06:35.830-05:00  INFO 9512 --- [certidigital-platform] [           main] c.c.p.CertiDigitalApplicationTests       : The following 1 profile is active: "test"
2026-07-21T16:06:38.591-05:00  INFO 9512 --- [certidigital-platform] [           main] o.f.c.i.resource.ResourceNameValidator   : 1 SQL migrations were detected but not run because they did not follow the filename convention.
2026-07-21T16:06:38.591-05:00  INFO 9512 --- [certidigital-platform] [           main] o.f.c.i.resource.ResourceNameValidator   : Set 'validateMigrationNaming' to true to fail fast and see a list of the invalid file names.
2026-07-21T16:06:38.644-05:00  INFO 9512 --- [certidigital-platform] [           main] org.flywaydb.core.FlywayExecutor         : Database: jdbc:h2:mem:certidigital-test (H2 2.2)
2026-07-21T16:06:38.653-05:00  WARN 9512 --- [certidigital-platform] [           main] o.f.c.internal.database.base.Database    : Flyway upgrade recommended: H2 2.2.224 is newer than this version of Flyway and support has not been tested. The latest supported version of H2 is 2.2.220.
2026-07-21T16:06:38.725-05:00  INFO 9512 --- [certidigital-platform] [           main] o.f.c.i.s.JdbcTableSchemaHistory         : Schema history table "PUBLIC"."flyway_schema_history" does not exist yet
2026-07-21T16:06:38.730-05:00  INFO 9512 --- [certidigital-platform] [           main] o.f.core.internal.command.DbValidate     : Successfully validated 15 migrations (execution time 00:00.062s)
2026-07-21T16:06:38.742-05:00  INFO 9512 --- [certidigital-platform] [           main] o.f.c.i.s.JdbcTableSchemaHistory         : Creating Schema History table "PUBLIC"."flyway_schema_history" ...
2026-07-21T16:06:38.775-05:00  INFO 9512 --- [certidigital-platform] [           main] o.f.core.internal.command.DbMigrate      : Current version of schema "PUBLIC": << Empty Schema >>
2026-07-21T16:06:38.790-05:00  INFO 9512 --- [certidigital-platform] [           main] o.f.core.internal.command.DbMigrate      : Migrating schema "PUBLIC" to version "1 - create tenant tables"
2026-07-21T16:06:38.821-05:00  INFO 9512 --- [certidigital-platform] [           main] o.f.core.internal.command.DbMigrate      : Migrating schema "PUBLIC" to version "2 - create iam tables"
2026-07-21T16:06:38.857-05:00  INFO 9512 --- [certidigital-platform] [           main] o.f.core.internal.command.DbMigrate      : Migrating schema "PUBLIC" to version "3 - create organization tables"
2026-07-21T16:06:38.876-05:00  INFO 9512 --- [certidigital-platform] [           main] o.f.core.internal.command.DbMigrate      : Migrating schema "PUBLIC" to version "4 - create event tables"
2026-07-21T16:06:38.904-05:00  INFO 9512 --- [certidigital-platform] [           main] o.f.core.internal.command.DbMigrate      : Migrating schema "PUBLIC" to version "5 - create participation tables"
2026-07-21T16:06:38.944-05:00  INFO 9512 --- [certidigital-platform] [           main] o.f.core.internal.command.DbMigrate      : Migrating schema "PUBLIC" to version "6 - create policy tables"
2026-07-21T16:06:38.972-05:00  INFO 9512 --- [certidigital-platform] [           main] o.f.core.internal.command.DbMigrate      : Migrating schema "PUBLIC" to version "7 - create credential tables"
2026-07-21T16:06:38.998-05:00  INFO 9512 --- [certidigital-platform] [           main] o.f.core.internal.command.DbMigrate      : Migrating schema "PUBLIC" to version "8 - create blockchain tables"
2026-07-21T16:06:39.011-05:00  INFO 9512 --- [certidigital-platform] [           main] o.f.core.internal.command.DbMigrate      : Migrating schema "PUBLIC" to version "9 - create audit tables"
2026-07-21T16:06:39.020-05:00  INFO 9512 --- [certidigital-platform] [           main] o.f.core.internal.command.DbMigrate      : Migrating schema "PUBLIC" to version "10 - add teacher participant roles"
2026-07-21T16:06:39.031-05:00  INFO 9512 --- [certidigital-platform] [           main] o.f.core.internal.command.DbMigrate      : Migrating schema "PUBLIC" to version "11 - add price to events"
2026-07-21T16:06:39.044-05:00  INFO 9512 --- [certidigital-platform] [           main] o.f.core.internal.command.DbMigrate      : Migrating schema "PUBLIC" to version "12 - add voucher fields to payments"
2026-07-21T16:06:39.055-05:00  INFO 9512 --- [certidigital-platform] [           main] o.f.core.internal.command.DbMigrate      : Migrating schema "PUBLIC" to version "13 - alter receipt url to text"
2026-07-21T16:06:39.062-05:00  INFO 9512 --- [certidigital-platform] [           main] o.f.core.internal.command.DbMigrate      : Migrating schema "PUBLIC" to version "14 - create notification tables"
2026-07-21T16:06:39.076-05:00  INFO 9512 --- [certidigital-platform] [           main] o.f.core.internal.command.DbMigrate      : Migrating schema "PUBLIC" with repeatable migration "seed dev data"
2026-07-21T16:06:39.099-05:00  INFO 9512 --- [certidigital-platform] [           main] o.f.core.internal.command.DbMigrate      : Successfully applied 15 migrations to schema "PUBLIC", now at version v14 (execution time 00:00.196s)
2026-07-21T16:06:39.847-05:00  WARN 9512 --- [certidigital-platform] [           main] org.hibernate.orm.deprecation            : HHH90000025: H2Dialect does not need to be specified explicitly using 'hibernate.dialect' (remove the property setting and it will be selected by default)
2026-07-21T16:06:45.089-05:00  WARN 9512 --- [certidigital-platform] [           main] JpaBaseConfiguration$JpaWebConfiguration : spring.jpa.open-in-view is enabled by default. Therefore, database queries may be performed during view rendering. Explicitly configure spring.jpa.open-in-view to disable this warning
2026-07-21T16:06:47.578-05:00  INFO 9512 --- [certidigital-platform] [           main] c.c.p.CertiDigitalApplicationTests       : Started CertiDigitalApplicationTests in 12.068 seconds (process running for 13.14)
]]></system-out>
    <system-err><![CDATA[WARNING: A Java agent has been loaded dynamically (C:\Users\jean.carlos.simon_bl\.m2\repository\net\bytebuddy\byte-buddy-agent\1.14.18\byte-buddy-agent-1.14.18.jar)
WARNING: If a serviceability tool is in use, please run with -XX:+EnableDynamicAgentLoading to hide this warning
WARNING: If a serviceability tool is not in use, please run with -Djdk.instrument.traceUsage for more information
WARNING: Dynamic loading of agents will be disallowed by default in a future release
]]></system-err>
  </testcase>
</testsuite>