<?xml version="1.0" encoding="UTF-8"?>
<testsuite xmlns:xsi="http://www.w3.org/2001/XMLSchema-instance" xsi:noNamespaceSchemaLocation="https://maven.apache.org/surefire/maven-surefire-plugin/xsd/surefire-test-report-3.0.xsd" version="3.0" name="com.certidigital.platform.iam.SecurityAndMultiTenancyTests" time="7.635" tests="18" errors="0" skipped="0" failures="0">
  <properties>
[...]
</properties>
  <testcase name="testSeedUsersLogin" classname="com.certidigital.platform.iam.SecurityAndMultiTenancyTests" time="0.936">
    <system-out><![CDATA[
  .   ____          _            __ _ _
 /\\ / ___'_ __ _ _(_)_ __  __ _ \ \ \ \
( ( )\___ | '_ | '_| | '_ \/ _` | \ \ \ \
 \\/  ___)| |_)| | | | | || (_| |  ) ) ) )
  '  |____| .__|_| |_|_| |_\__, | / / / /
 =========|_|==============|___/=/_/_/_/

 :: Spring Boot ::                (v3.3.2)

2026-07-21T15:13:48.852-05:00  INFO 32908 --- [certidigital-platform] [           main] c.c.p.iam.SecurityAndMultiTenancyTests   : Starting SecurityAndMultiTenancyTests using Java 26.0.1 with PID 32908 (started by jean.carlos.simon_bl in C:\Users\jean.carlos.simon_bl\Documents\Certidigital\Certidigital)
2026-07-21T15:13:48.853-05:00  INFO 32908 --- [certidigital-platform] [           main] c.c.p.iam.SecurityAndMultiTenancyTests   : The following 1 profile is active: "test"
2026-07-21T15:13:49.536-05:00  INFO 32908 --- [certidigital-platform] [           main] o.f.c.i.resource.ResourceNameValidator   : 1 SQL migrations were detected but not run because they did not follow the filename convention.
2026-07-21T15:13:49.536-05:00  INFO 32908 --- [certidigital-platform] [           main] o.f.c.i.resource.ResourceNameValidator   : Set 'validateMigrationNaming' to true to fail fast and see a list of the invalid file names.
2026-07-21T15:13:49.538-05:00  INFO 32908 --- [certidigital-platform] [           main] org.flywaydb.core.FlywayExecutor         : Database: jdbc:h2:mem:certidigital-test (H2 2.2)
2026-07-21T15:13:49.539-05:00  WARN 32908 --- [certidigital-platform] [           main] o.f.c.internal.database.base.Database    : Flyway upgrade recommended: H2 2.2.224 is newer than this version of Flyway and support has not been tested. The latest supported version of H2 is 2.2.220.
2026-07-21T15:13:49.559-05:00  INFO 32908 --- [certidigital-platform] [           main] o.f.core.internal.command.DbValidate     : Successfully validated 11 migrations (execution time 00:00.019s)
2026-07-21T15:13:49.565-05:00  INFO 32908 --- [certidigital-platform] [           main] o.f.core.internal.command.DbMigrate      : Current version of schema "PUBLIC": 10
2026-07-21T15:13:49.566-05:00  INFO 32908 --- [certidigital-platform] [           main] o.f.core.internal.command.DbMigrate      : Schema "PUBLIC" is up to date. No migration necessary.
2026-07-21T15:13:49.618-05:00  WARN 32908 --- [certidigital-platform] [           main] org.hibernate.orm.deprecation            : HHH90000025: H2Dialect does not need to be specified explicitly using 'hibernate.dialect' (remove the property setting and it will be selected by default)
2026-07-21T15:13:50.668-05:00  WARN 32908 --- [certidigital-platform] [           main] JpaBaseConfiguration$JpaWebConfiguration : spring.jpa.open-in-view is enabled by default. Therefore, database queries may be performed during view rendering. Explicitly configure spring.jpa.open-in-view to disable this warning
2026-07-21T15:13:51.482-05:00  INFO 32908 --- [certidigital-platform] [           main] c.c.p.iam.SecurityAndMultiTenancyTests   : Started SecurityAndMultiTenancyTests in 2.701 seconds (process running for 18.77)
]]></system-out>
  </testcase>
  <testcase name="test5_validJwtAccess" classname="com.certidigital.platform.iam.SecurityAndMultiTenancyTests" time="0.09"/>
  <testcase name="test12_tenantAdminAccessOwnTenant" classname="com.certidigital.platform.iam.SecurityAndMultiTenancyTests" time="0.019"/>
  <testcase name="test3_loginSuccess" classname="com.certidigital.platform.iam.SecurityAndMultiTenancyTests" time="0.785"/>
  <testcase name="test9_getUserTenants" classname="com.certidigital.platform.iam.SecurityAndMultiTenancyTests" time="0.03"/>
  <testcase name="testPublicEventCatalog" classname="com.certidigital.platform.iam.SecurityAndMultiTenancyTests" time="0.03"/>
  <testcase name="test10_switchTenantSuccess" classname="com.certidigital.platform.iam.SecurityAndMultiTenancyTests" time="0.042"/>
  <testcase name="test8_refreshTokenInvalid" classname="com.certidigital.platform.iam.SecurityAndMultiTenancyTests" time="0.023"/>
  <testcase name="test13_tenantAdminCrossTenantDenied" classname="com.certidigital.platform.iam.SecurityAndMultiTenancyTests" time="0.026"/>
  <testcase name="test11_switchTenantUnauthorized" classname="com.certidigital.platform.iam.SecurityAndMultiTenancyTests" time="0.02"/>
  <testcase name="test16_tenantContextCleanup" classname="com.certidigital.platform.iam.SecurityAndMultiTenancyTests" time="0.018"/>
  <testcase name="test1_registerSuccess" classname="com.certidigital.platform.iam.SecurityAndMultiTenancyTests" time="0.588"/>
  <testcase name="test2_registerDuplicateEmail" classname="com.certidigital.platform.iam.SecurityAndMultiTenancyTests" time="0.829"/>
  <testcase name="test14_unauthenticatedRequestDenied" classname="com.certidigital.platform.iam.SecurityAndMultiTenancyTests" time="0.022"/>
  <testcase name="test15_superAdminGlobalAccess" classname="com.certidigital.platform.iam.SecurityAndMultiTenancyTests" time="0.042"/>
  <testcase name="test7_refreshTokenValid" classname="com.certidigital.platform.iam.SecurityAndMultiTenancyTests" time="0.95"/>
  <testcase name="test4_loginBadPassword" classname="com.certidigital.platform.iam.SecurityAndMultiTenancyTests" time="0.412"/>
  <testcase name="test6_expiredJwtAccess" classname="com.certidigital.platform.iam.SecurityAndMultiTenancyTests" time="0.006"/>
</testsuite>